  DiaryManager.cpp
D:\xinjian_xiangmu\DiaryManagerSystem\Hafuman.hpp(308,38): warning C4101: “e”: 未引用的局部变量
  (编译源文件“DiaryManager.cpp”)
  
D:\xinjian_xiangmu\DiaryManagerSystem\Hafuman.hpp(347,34): warning C4101: “e”: 未引用的局部变量
  (编译源文件“DiaryManager.cpp”)
  
D:\xinjian_xiangmu\DiaryManagerSystem\DiaryManager.cpp(39,51): warning C4267: “参数”: 从“size_t”转换到“int”，可能丢失数据
D:\xinjian_xiangmu\DiaryManagerSystem\DiaryManager.cpp(112,27): warning C4267: “=”: 从“size_t”转换到“int”，可能丢失数据
  main.cpp
D:\xinjian_xiangmu\DiaryManagerSystem\Hafuman.hpp(308,38): warning C4101: “e”: 未引用的局部变量
  (编译源文件“main.cpp”)
  
D:\xinjian_xiangmu\DiaryManagerSystem\Hafuman.hpp(347,34): warning C4101: “e”: 未引用的局部变量
  (编译源文件“main.cpp”)
  
  test.cpp
D:\xinjian_xiangmu\DiaryManagerSystem\Hafuman.hpp(308,38): warning C4101: “e”: 未引用的局部变量
  (编译源文件“test.cpp”)
  
D:\xinjian_xiangmu\DiaryManagerSystem\Hafuman.hpp(347,34): warning C4101: “e”: 未引用的局部变量
  (编译源文件“test.cpp”)
  
D:\xinjian_xiangmu\DiaryManagerSystem\test.cpp(12,56): warning C4267: “参数”: 从“size_t”转换到“int”，可能丢失数据
D:\xinjian_xiangmu\DiaryManagerSystem\test.cpp(19,56): warning C4267: “参数”: 从“size_t”转换到“int”，可能丢失数据
  正在生成代码...
  DiaryManagerSystem.vcxproj -> D:\xinjian_xiangmu\DiaryManagerSystem\x64\Debug\DiaryManagerSystem.exe
